0 info it worked if it ends with ok
1 verbose cli [ 'E:\\nodejs\\node.exe',
1 verbose cli   'E:\\nodejs\\node_modules\\npm\\bin\\npm-cli.js',
1 verbose cli   'install',
1 verbose cli   'grunt-contrib-concurrent',
1 verbose cli   '--save-dev' ]
2 info using npm@2.15.1
3 info using node@v4.4.4
4 verbose install initial load of D:\cnzzDemo\Imooc\package.json
5 warn package.json imooc@1.0.0 No README data
6 verbose installManyTop reading scoped package data from D:\cnzzDemo\Imooc\node_modules\body-parser\package.json
7 verbose installManyTop reading scoped package data from D:\cnzzDemo\Imooc\node_modules\express\package.json
8 verbose installManyTop reading scoped package data from D:\cnzzDemo\Imooc\node_modules\grunt-contrib-watch\package.json
9 verbose installManyTop reading scoped package data from D:\cnzzDemo\Imooc\node_modules\jade\package.json
10 verbose installManyTop reading scoped package data from D:\cnzzDemo\Imooc\node_modules\mongoose\package.json
11 verbose installManyTop reading scoped package data from D:\cnzzDemo\Imooc\node_modules\underscore\package.json
12 verbose readDependencies loading dependencies from D:\cnzzDemo\Imooc\package.json
13 silly cache add args [ 'grunt-contrib-concurrent', null ]
14 verbose cache add spec grunt-contrib-concurrent
15 silly cache add parsed spec Result {
15 silly cache add   raw: 'grunt-contrib-concurrent',
15 silly cache add   scope: null,
15 silly cache add   name: 'grunt-contrib-concurrent',
15 silly cache add   rawSpec: '',
15 silly cache add   spec: 'latest',
15 silly cache add   type: 'tag' }
16 silly addNamed grunt-contrib-concurrent@latest
17 verbose addNamed "latest" is being treated as a dist-tag for grunt-contrib-concurrent
18 info addNameTag [ 'grunt-contrib-concurrent', 'latest' ]
19 silly mapToRegistry name grunt-contrib-concurrent
20 silly mapToRegistry using default registry
21 silly mapToRegistry registry https://registry.npmjs.org/
22 silly mapToRegistry data Result {
22 silly mapToRegistry   raw: 'grunt-contrib-concurrent',
22 silly mapToRegistry   scope: null,
22 silly mapToRegistry   name: 'grunt-contrib-concurrent',
22 silly mapToRegistry   rawSpec: '',
22 silly mapToRegistry   spec: 'latest',
22 silly mapToRegistry   type: 'tag' }
23 silly mapToRegistry uri https://registry.npmjs.org/grunt-contrib-concurrent
24 verbose addNameTag registry:https://registry.npmjs.org/grunt-contrib-concurrent not in flight; fetching
25 verbose request uri https://registry.npmjs.org/grunt-contrib-concurrent
26 verbose request no auth needed
27 info attempt registry request try #1 at 15:47:18
28 verbose request id c7f7c9de032f84e2
29 http request GET https://registry.npmjs.org/grunt-contrib-concurrent
30 info retry will retry, error on last attempt: Error: getaddrinfo ENOTFOUND registry.npmjs.org registry.npmjs.org:443
31 info attempt registry request try #2 at 15:47:28
32 http request GET https://registry.npmjs.org/grunt-contrib-concurrent
33 http 404 https://registry.npmjs.org/grunt-contrib-concurrent
34 verbose headers { 'content-type': 'application/json',
34 verbose headers   'cache-control': 'max-age=0',
34 verbose headers   'content-length': '2',
34 verbose headers   'accept-ranges': 'bytes',
34 verbose headers   date: 'Wed, 12 Oct 2016 07:48:37 GMT',
34 verbose headers   via: '1.1 varnish',
34 verbose headers   age: '0',
34 verbose headers   connection: 'keep-alive',
34 verbose headers   'x-served-by': 'cache-ams4435-AMS',
34 verbose headers   'x-cache': 'MISS',
34 verbose headers   'x-cache-hits': '0',
34 verbose headers   'x-timer': 'S1476258517.877163,VS0,VE94',
34 verbose headers   vary: 'Accept-Encoding' }
35 silly get cb [ 404,
35 silly get   { 'content-type': 'application/json',
35 silly get     'cache-control': 'max-age=0',
35 silly get     'content-length': '2',
35 silly get     'accept-ranges': 'bytes',
35 silly get     date: 'Wed, 12 Oct 2016 07:48:37 GMT',
35 silly get     via: '1.1 varnish',
35 silly get     age: '0',
35 silly get     connection: 'keep-alive',
35 silly get     'x-served-by': 'cache-ams4435-AMS',
35 silly get     'x-cache': 'MISS',
35 silly get     'x-cache-hits': '0',
35 silly get     'x-timer': 'S1476258517.877163,VS0,VE94',
35 silly get     vary: 'Accept-Encoding' } ]
36 verbose stack Error: Registry returned 404 for GET on https://registry.npmjs.org/grunt-contrib-concurrent
36 verbose stack     at makeError (E:\nodejs\node_modules\npm\node_modules\npm-registry-client\lib\request.js:264:12)
36 verbose stack     at CachingRegistryClient.<anonymous> (E:\nodejs\node_modules\npm\node_modules\npm-registry-client\lib\request.js:242:14)
36 verbose stack     at Request._callback (E:\nodejs\node_modules\npm\node_modules\npm-registry-client\lib\request.js:172:14)
36 verbose stack     at Request.self.callback (E:\nodejs\node_modules\npm\node_modules\request\request.js:199:22)
36 verbose stack     at emitTwo (events.js:87:13)
36 verbose stack     at Request.emit (events.js:172:7)
36 verbose stack     at Request.<anonymous> (E:\nodejs\node_modules\npm\node_modules\request\request.js:1036:10)
36 verbose stack     at emitOne (events.js:82:20)
36 verbose stack     at Request.emit (events.js:169:7)
36 verbose stack     at IncomingMessage.<anonymous> (E:\nodejs\node_modules\npm\node_modules\request\request.js:963:12)
37 verbose statusCode 404
38 verbose pkgid grunt-contrib-concurrent
39 verbose cwd D:\cnzzDemo\Imooc
40 error Windows_NT 10.0.10240
41 error argv "E:\\nodejs\\node.exe" "E:\\nodejs\\node_modules\\npm\\bin\\npm-cli.js" "install" "grunt-contrib-concurrent" "--save-dev"
42 error node v4.4.4
43 error npm  v2.15.1
44 error code E404
45 error 404 Registry returned 404 for GET on https://registry.npmjs.org/grunt-contrib-concurrent
45 error 404
45 error 404 'grunt-contrib-concurrent' is not in the npm registry.
45 error 404 You should bug the author to publish it (or use the name yourself!)
45 error 404 It was specified as a dependency of 'imooc'
45 error 404
45 error 404 Note that you can also install from a
45 error 404 tarball, folder, http url, or git url.
46 verbose exit [ 1, true ]
